VirtualBox GUI VM Selector Window 5.2.0 r118415 linux.amd64 (Oct 18 2017 21:39:48) release log
00:00:00.424728 Log opened 2017-10-23T16:41:41.097767000Z
00:00:00.424730 Build Type: release
00:00:00.424733 OS Product: Linux
00:00:00.424734 OS Release: 4.13.5-1-ARCH
00:00:00.424736 OS Version: #1 SMP PREEMPT Fri Oct 6 09:58:47 CEST 2017
00:00:00.424760 DMI Product Name: 20J1003HCX
00:00:00.424768 DMI Product Version: ThinkPad 13 2nd Gen
00:00:00.424823 Host RAM: 7873MB (7.6GB) total, 7207MB (7.0GB) available
00:00:00.424827 Executable: /usr/lib/virtualbox/VirtualBox
00:00:00.424828 Process ID: 2152
00:00:00.424830 Package type: LINUX_64BITS_GENERIC (OSE)
00:00:00.424856 Qt version: 5.9.2
00:00:00.447166 GUI: UIMediumEnumerator: Medium-enumeration started...
00:00:00.447190 GUI: UIMediumEnumerator: Medium-enumeration finished!
00:00:00.448437 GUI: UIMediumEnumerator: Medium-enumeration started...
00:00:00.448450 GUI: UIMediumEnumerator: Medium-enumeration finished!
00:00:00.628877 Failed to open "/dev/vboxdrv", errno=2, rc=VERR_VM_DRIVER_NOT_INSTALLED
00:00:00.644885 refreshCertificates/#1: InMem.Cert.TbsCertificate.T3.Extensions.papItems[#].ExtnValue.NameConstraints.T0.PermittedSubtrees.papItems[#]: Unexpected sequence type/flags: 0x2/0x80 (expected 0x10/0x20)
00:00:00.645153 GUI: UIDesktopWidgetWatchdog::sltHandleHostScreenAvailableGeometryCalculated: Screen 0 work area is actually resized to: 643x30 x 634x1044
00:00:00.647197 refreshCertificates/#3: Found 1/159 SSL certs we/you trust (previously 0/0).
00:00:05.274710 GUI: UIMediumEnumerator: Medium-enumeration started...
00:00:05.274821 GUI: UIMediumEnumerator: Medium-enumeration finished!
