VirtualBox XPCOM Server 5.2.0 r118415 linux.amd64 (Oct 18 2017 21:39:48) release log
00:00:00.000224 main     Log opened 2017-10-23T16:41:40.920933000Z
00:00:00.000227 main     Build Type: release
00:00:00.000230 main     OS Product: Linux
00:00:00.000231 main     OS Release: 4.13.5-1-ARCH
00:00:00.000233 main     OS Version: #1 SMP PREEMPT Fri Oct 6 09:58:47 CEST 2017
00:00:00.000257 main     DMI Product Name: 20J1003HCX
00:00:00.000271 main     DMI Product Version: ThinkPad 13 2nd Gen
00:00:00.000328 main     Host RAM: 7873MB (7.6GB) total, 7209MB (7.0GB) available
00:00:00.000334 main     Executable: /usr/lib/virtualbox/VBoxSVC
00:00:00.000335 main     Process ID: 2183
00:00:00.000337 main     Package type: LINUX_64BITS_GENERIC (OSE)
00:00:00.003719 main     IPC socket path: /tmp/.vbox-whitestar-ipc/ipcd
00:00:00.113114 nspr-2   VirtualBox: object creation starts
00:00:00.113211 nspr-2   Home directory: '/home/whitestar/.config/VirtualBox'
00:00:00.131604 nspr-2   NetIfAdpCtlOut: VBoxNetAdpCtl: Error while retrieving link speed for wlp3s0: VBoxNetAdpCtl: ioctl failed: Operation not supported
00:00:00.132510 nspr-2   NAT: resolv.conf: nameserver 89.216.1.30
00:00:00.132529 nspr-2   NAT: resolv.conf: nameserver 89.216.1.50
00:00:00.132543 nspr-2   HostDnsMonitor: old information
00:00:00.132547 nspr-2     no server entries
00:00:00.132551 nspr-2     no domain set
00:00:00.132554 nspr-2     no search string entries
00:00:00.132557 nspr-2   HostDnsMonitor: new information
00:00:00.132560 nspr-2     server 1: 89.216.1.30
00:00:00.132565 nspr-2     server 2: 89.216.1.50
00:00:00.132568 nspr-2     no domain set
00:00:00.132571 nspr-2     no search string entries
00:00:00.132577 nspr-2   HostDnsMonitorProxy::notify
00:00:00.135480 nspr-2   Failed to open "/dev/vboxdrvu", errno=2, rc=VERR_VM_DRIVER_NOT_INSTALLED
00:00:00.135740 nspr-2   VD: VDInit finished with VINF_SUCCESS
00:00:00.135856 nspr-2   ERROR [COM]: aRC=NS_ERROR_FAILURE (0x80004005) aIID={0eb668d2-495e-5a36-8890-29999b5f030c} aComponent={SystemPropertiesWrap} aText={Cannot determine default Guest Additions ISO location. Most likely they are not available}, preserve=false aResultDetail=0
00:00:00.136365 nspr-2   VirtualBox: object created
00:00:01.964394 nspr-3   Saving settings file "/home/whitestar/.config/VirtualBox/VirtualBox.xml" with version "1.12-linux"
00:00:01.972978 nspr-3   Saving settings file "/home/whitestar/.config/VirtualBox/VirtualBox.xml" with version "1.12-linux"
00:00:05.004093 nspr-3   Failed to open "/dev/vboxdrvu", errno=2, rc=VERR_VM_DRIVER_NOT_INSTALLED
00:00:05.005530 nspr-3   Failed to open "/dev/vboxdrvu", errno=2, rc=VERR_VM_DRIVER_NOT_INSTALLED
00:00:56.453560 nspr-3   Saving settings file "/home/whitestar/.config/VirtualBox/VirtualBox.xml" with version "1.12-linux"
00:00:56.461268 nspr-3   Saving settings file "/home/whitestar/.config/VirtualBox/VirtualBox.xml" with version "1.12-linux"
00:00:56.466571 nspr-3   Saving settings file "/home/whitestar/.config/VirtualBox/VirtualBox.xml" with version "1.12-linux"
00:01:01.981998 main     VirtualBox: object deletion starts
00:01:02.189106 Watcher  ERROR [COM]: aRC=E_ACCESSDENIED (0x80070005) aIID={9570b9d5-f1a1-448a-10c5-e12f5285adad} aComponent={VirtualBoxWrap} aText={The object is not ready}, preserve=false aResultDetail=0
00:01:06.982713 main     {00007fd194016160} HostPowerServiceLinux::~HostPowerServiceLinux: RTThreadWait() for 5000 ms failed with VERR_TIMEOUT
00:01:06.983217 main     VirtualBox: object deleted
